#
# There is insufficient memory for the Java Runtime Environment to continue.
# Native memory allocation (malloc) failed to allocate 1048576 bytes for AllocateHeap
# Possible reasons:
#   The system is out of physical RAM or swap space
#   The process is running with CompressedOops enabled, and the Java Heap may be blocking the growth of the native heap
# Possible solutions:
#   Reduce memory load on the system
#   Increase physical memory or swap space
#   Check if swap backing store is full
#   Decrease Java heap size (-Xmx/-Xms)
#   Decrease number of Java threads
#   Decrease Java thread stack sizes (-Xss)
#   Set larger code cache with -XX:ReservedCodeCacheSize=
#   JVM is running with Zero Based Compressed Oops mode in which the Java heap is
#     placed in the first 32GB address space. The Java Heap base address is the
#     maximum limit for the native heap growth. Please use -XX:HeapBaseMinAddress
#     to set the Java Heap base and to place the Java Heap above 32GB virtual address.
# This output file may be truncated or incomplete.
#
#  Out of Memory Error (memory/allocation.inline.hpp:61), pid=13728, tid=0x0000000000000648
#
# JRE version:  (8.0_301-b09) (build )
# Java VM: Java HotSpot(TM) 64-Bit Server VM (25.301-b09 mixed mode windows-amd64 compressed oops)
# Failed to write core dump. Minidumps are not enabled by default on client versions of Windows
#

---------------  T H R E A D  ---------------

Current thread (0x0000022eda27d000):  JavaThread "Unknown thread" [_thread_in_vm, id=1608, stack(0x000000e765900000,0x000000e765a00000)]

Stack: [0x000000e765900000,0x000000e765a00000]
Native frames: (J=compiled Java code, j=interpreted, Vv=VM code, C=native code)
V  [jvm.dll+0x32ed79]
V  [jvm.dll+0x275722]
V  [jvm.dll+0x2763cd]
V  [jvm.dll+0x26ce05]
V  [jvm.dll+0x509d]
V  [jvm.dll+0x3c964d]
V  [jvm.dll+0x3ca3ca]
V  [jvm.dll+0x3c6367]
V  [jvm.dll+0xfcdcf]
V  [jvm.dll+0x20a0bb]
V  [jvm.dll+0x238ae7]
V  [jvm.dll+0x162876]
C  [java.exe+0x2312]
C  [java.exe+0x15f54]
C  [KERNEL32.DLL+0x17034]
C  [ntdll.dll+0x52651]


---------------  P R O C E S S  ---------------

Java Threads: ( => current thread )

Other Threads:

=>0x0000022eda27d000 (exited) JavaThread "Unknown thread" [_thread_in_vm, id=1608, stack(0x000000e765900000,0x000000e765a00000)]

VM state:not at safepoint (normal execution)

VM Mutex/Monitor currently owned by a thread: None

heap address: 0x00000006c3a00000, size: 4038 MB, Compressed Oops mode: Zero based, Oop shift amount: 3
Narrow klass base: 0x0000000000000000, Narrow klass shift: 3
Compressed class space size: 1073741824 Address: 0x00000007c0000000

Heap:
 PSYoungGen      total 75776K, used 1300K [0x000000076be00000, 0x0000000771280000, 0x00000007c0000000)
  eden space 65024K, 2% used [0x000000076be00000,0x000000076bf451f8,0x000000076fd80000)
  from space 10752K, 0% used [0x0000000770800000,0x0000000770800000,0x0000000771280000)
  to   space 10752K, 0% used [0x000000076fd80000,0x000000076fd80000,0x0000000770800000)
 ParOldGen       total 173568K, used 0K [0x00000006c3a00000, 0x00000006ce380000, 0x000000076be00000)
  object space 173568K, 0% used [0x00000006c3a00000,0x00000006c3a00000,0x00000006ce380000)
 Metaspace       used 778K, capacity 4480K, committed 4480K, reserved 1056768K
  class space    used 76K, capacity 384K, committed 384K, reserved 1048576K

Card table byte_map: [0x0000022eeaf10000,0x0000022eeb700000] byte_map_base: 0x0000022ee78f3000

Marking Bits: (ParMarkBitMap*) 0x0000000057747fe0
 Begin Bits: [0x0000022eebc50000, 0x0000022eefb68000)
 End Bits:   [0x0000022eefb68000, 0x0000022ef3a80000)

Polling page: 0x0000022eda1f0000

CodeCache: size=245760Kb used=328Kb max_used=328Kb free=245431Kb
 bounds [0x0000022edbb50000, 0x0000022edbdc0000, 0x0000022eeab50000]
 total_blobs=58 nmethods=0 adapters=38
 compilation: enabled

Compilation events (0 events):
No events

GC Heap History (0 events):
No events

Deoptimization events (0 events):
No events

Classes redefined (0 events):
No events

Internal exceptions (0 events):
No events

Events (10 events):
Event: 0.021 loading class java/lang/Short
Event: 0.021 loading class java/lang/Short done
Event: 0.021 loading class java/lang/Integer
Event: 0.021 loading class java/lang/Integer done
Event: 0.021 loading class java/lang/Long
Event: 0.021 loading class java/lang/Long done
Event: 0.022 loading class java/lang/NullPointerException
Event: 0.022 loading class java/lang/NullPointerException done
Event: 0.022 loading class java/lang/ArithmeticException
Event: 0.022 loading class java/lang/ArithmeticException done


Dynamic libraries:
0x00007ff724a40000 - 0x00007ff724a87000 	C:\Program Files (x86)\JDK\bin\java.exe
0x00007ffa6dc50000 - 0x00007ffa6de45000 	C:\Windows\SYSTEM32\ntdll.dll
0x00007ffa6d620000 - 0x00007ffa6d6de000 	C:\Windows\System32\KERNEL32.DLL
0x00007ffa6b6a0000 - 0x00007ffa6b969000 	C:\Windows\System32\KERNELBASE.dll
0x00007ffa6d510000 - 0x00007ffa6d5bc000 	C:\Windows\System32\ADVAPI32.dll
0x00007ffa6be80000 - 0x00007ffa6bf1e000 	C:\Windows\System32\msvcrt.dll
0x00007ffa6d2c0000 - 0x00007ffa6d35b000 	C:\Windows\System32\sechost.dll
0x00007ffa6cba0000 - 0x00007ffa6ccca000 	C:\Windows\System32\RPCRT4.dll
0x00007ffa6bcd0000 - 0x00007ffa6be71000 	C:\Windows\System32\USER32.dll
0x00007ffa6b610000 - 0x00007ffa6b632000 	C:\Windows\System32\win32u.dll
0x00007ffa6ce00000 - 0x00007ffa6ce2b000 	C:\Windows\System32\GDI32.dll
0x00007ffa6b370000 - 0x00007ffa6b47b000 	C:\Windows\System32\gdi32full.dll
0x00007ffa6b970000 - 0x00007ffa6ba0d000 	C:\Windows\System32\msvcp_win.dll
0x00007ffa6ba10000 - 0x00007ffa6bb10000 	C:\Windows\System32\ucrtbase.dll
0x00007ffa538f0000 - 0x00007ffa53b8a000 	C:\Windows\WinSxS\amd64_microsoft.windows.common-controls_6595b64144ccf1df_6.0.19041.1110_none_60b5254171f9507e\COMCTL32.dll
0x00007ffa6bca0000 - 0x00007ffa6bcd0000 	C:\Windows\System32\IMM32.DLL
0x00007ffa65080000 - 0x00007ffa65095000 	C:\Program Files (x86)\JDK\jre\bin\vcruntime140.dll
0x00007ffa38b70000 - 0x00007ffa38c0b000 	C:\Program Files (x86)\JDK\jre\bin\msvcp140.dll
0x0000000056f60000 - 0x00000000577c0000 	C:\Program Files (x86)\JDK\jre\bin\server\jvm.dll
0x00007ffa6cd80000 - 0x00007ffa6cd88000 	C:\Windows\System32\PSAPI.DLL
0x00007ffa66df0000 - 0x00007ffa66df9000 	C:\Windows\SYSTEM32\WSOCK32.dll
0x00007ffa55ff0000 - 0x00007ffa56017000 	C:\Windows\SYSTEM32\WINMM.dll
0x00007ffa6aef0000 - 0x00007ffa6aefa000 	C:\Windows\SYSTEM32\VERSION.dll
0x00007ffa6c970000 - 0x00007ffa6c9db000 	C:\Windows\System32\WS2_32.dll
0x00007ffa69b80000 - 0x00007ffa69b92000 	C:\Windows\SYSTEM32\kernel.appcore.dll
0x00007ffa65070000 - 0x00007ffa65080000 	C:\Program Files (x86)\JDK\jre\bin\verify.dll
0x00007ffa59300000 - 0x00007ffa5932b000 	C:\Program Files (x86)\JDK\jre\bin\java.dll
0x00007ffa505c0000 - 0x00007ffa505f0000 	C:\Program Files (x86)\JDK\jre\bin\instrument.dll
0x00007ffa557d0000 - 0x00007ffa557e8000 	C:\Program Files (x86)\JDK\jre\bin\zip.dll
0x00007ffa69030000 - 0x00007ffa69214000 	C:\Windows\SYSTEM32\dbghelp.dll
0x00007ffa6bbc0000 - 0x00007ffa6bc43000 	C:\Windows\System32\bcryptPrimitives.dll

VM Arguments:
jvm_args: -javaagent:D:\应用\IDEA运行程序\IntelliJ IDEA Community Edition 2021.2.3\lib\idea_rt.jar=19617:D:\应用\IDEA运行程序\IntelliJ IDEA Community Edition 2021.2.3\bin -Dfile.encoding=UTF-8 
java_command: TestDemo
java_class_path (initial): C:\Program Files (x86)\JDK\jre\lib\charsets.jar;C:\Program Files (x86)\JDK\jre\lib\deploy.jar;C:\Program Files (x86)\JDK\jre\lib\ext\access-bridge-64.jar;C:\Program Files (x86)\JDK\jre\lib\ext\cldrdata.jar;C:\Program Files (x86)\JDK\jre\lib\ext\dnsns.jar;C:\Program Files (x86)\JDK\jre\lib\ext\jaccess.jar;C:\Program Files (x86)\JDK\jre\lib\ext\jfxrt.jar;C:\Program Files (x86)\JDK\jre\lib\ext\localedata.jar;C:\Program Files (x86)\JDK\jre\lib\ext\nashorn.jar;C:\Program Files (x86)\JDK\jre\lib\ext\sunec.jar;C:\Program Files (x86)\JDK\jre\lib\ext\sunjce_provider.jar;C:\Program Files (x86)\JDK\jre\lib\ext\sunmscapi.jar;C:\Program Files (x86)\JDK\jre\lib\ext\sunpkcs11.jar;C:\Program Files (x86)\JDK\jre\lib\ext\zipfs.jar;C:\Program Files (x86)\JDK\jre\lib\javaws.jar;C:\Program Files (x86)\JDK\jre\lib\jce.jar;C:\Program Files (x86)\JDK\jre\lib\jfr.jar;C:\Program Files (x86)\JDK\jre\lib\jfxswt.jar;C:\Program Files (x86)\JDK\jre\lib\jsse.jar;C:\Program Files (x86)\JDK\jre\lib\management-agent.jar;C:\Program Files (x86)\JDK\jre\lib\plugin.jar;C:\Program Files (x86)\JDK\jre\lib\resources.jar;C:\Program Files (x86)\JDK\jre\lib\rt.jar;D:\JavaCode\2021_11_30\out\production\2021_11_30;D:\应用\IDEA运行程序\IntelliJ IDEA Community Edition 2021.2.3\lib\idea_rt.jar
Launcher Type: SUN_STANDARD

Environment Variables:
JAVA_HOME=C:\Program Files (x86)\JDK\
PATH=C:\Program Files (x86)\Common Files\Intel\Shared Libraries\redist\intel64_win\compiler;C:\Program Files (x86)\Common Files\Intel\Shared Libraries\redist\intel64\compiler;C:\Windows\system32;C:\Windows;C:\Windows\System32\Wbem;C:\Windows\System32\WindowsPowerShell\v1.0\;C:\Windows\System32\OpenSSH\;C:\Program Files\dotnet\;D:\Program Files (x86)\IncrediBuild;C:\Program Files (x86)\NVIDIA Corporation\PhysX\Common;C:\Program Files\NVIDIA Corporation\NVIDIA NvDLISR;D:\应用\Git\cmd;D:\应用\bin;C:\Program Files\Microsoft SQL Server\110\Tools\Binn\;C:\Program Files (x86)\JDK\\bin;C:\Users\DELL\AppData\Local\Microsoft\WindowsApps;C:\Users\DELL\.dotnet\tools;D:\应用\PyCharm Community Edition 2021.1.3\bin;;D:\应用\IDEA运行程序\IntelliJ IDEA Community Edition 2021.2.3\bin;
USERNAME=DELL
OS=Windows_NT
PROCESSOR_IDENTIFIER=Intel64 Family 6 Model 165 Stepping 2, GenuineIntel



---------------  S Y S T E M  ---------------

OS: Windows 10.0 , 64 bit Build 19041 (10.0.19041.1202)

CPU:total 12 (initial active 12) (6 cores per cpu, 2 threads per core) family 6 model 165 stepping 2, cmov, cx8, fxsr, mmx, sse, sse2, sse3, ssse3, sse4.1, sse4.2, popcnt, avx, avx2, aes, clmul, erms, 3dnowpref, lzcnt, ht, tsc, tscinvbit, bmi1, bmi2, adx

Memory: 4k page, physical 16533188k(4507312k free), swap 16533188k(4172k free)

vm_info: Java HotSpot(TM) 64-Bit Server VM (25.301-b09) for windows-amd64 JRE (1.8.0_301-b09), built on Jun  9 2021 06:46:21 by "java_re" with MS VC++ 15.9 (VS2017)

time: Tue Nov 30 22:22:02 2021
timezone: 中国标准时间
elapsed time: 0.040440 seconds (0d 0h 0m 0s)

